{"total": {"lines":{"total":122,"covered":120,"skipped":0,"pct":98.36},"statements":{"total":135,"covered":133,"skipped":0,"pct":98.51},"functions":{"total":27,"covered":24,"skipped":0,"pct":88.88},"branches":{"total":31,"covered":29,"skipped":0,"pct":93.54},"branchesTrue":{"total":0,"covered":0,"skipped":0,"pct":100}}
,"/Users/mfullriede/PhpstormProjects/frontend/flow-next/packages/components/dev/cssModuleClassNameGenerator.ts": {"lines":{"total":16,"covered":14,"skipped":0,"pct":87.5},"functions":{"total":3,"covered":3,"skipped":0,"pct":100},"statements":{"total":18,"covered":16,"skipped":0,"pct":88.88},"branches":{"total":6,"covered":4,"skipped":0,"pct":66.66}}
,"/Users/mfullriede/PhpstormProjects/frontend/flow-next/packages/components/dev/dirname.cjs": {"lines":{"total":1,"covered":1,"skipped":0,"pct":100},"functions":{"total":0,"covered":0,"skipped":0,"pct":100},"statements":{"total":1,"covered":1,"skipped":0,"pct":100},"branches":{"total":0,"covered":0,"skipped":0,"pct":100}}
,"/Users/mfullriede/PhpstormProjects/frontend/flow-next/packages/components/dev/viteI18nPlugin.ts": {"lines":{"total":45,"covered":45,"skipped":0,"pct":100},"functions":{"total":9,"covered":9,"skipped":0,"pct":100},"statements":{"total":45,"covered":45,"skipped":0,"pct":100},"branches":{"total":14,"covered":14,"skipped":0,"pct":100}}
,"/Users/mfullriede/PhpstormProjects/frontend/flow-next/packages/components/src/components/Icon/lib/extractSvgFromString.ts": {"lines":{"total":8,"covered":8,"skipped":0,"pct":100},"functions":{"total":2,"covered":2,"skipped":0,"pct":100},"statements":{"total":9,"covered":9,"skipped":0,"pct":100},"branches":{"total":4,"covered":4,"skipped":0,"pct":100}}
,"/Users/mfullriede/PhpstormProjects/frontend/flow-next/packages/components/src/lib/propsContext/ClearPropsContext.tsx": {"lines":{"total":6,"covered":6,"skipped":0,"pct":100},"functions":{"total":1,"covered":1,"skipped":0,"pct":100},"statements":{"total":7,"covered":7,"skipped":0,"pct":100},"branches":{"total":0,"covered":0,"skipped":0,"pct":100}}
,"/Users/mfullriede/PhpstormProjects/frontend/flow-next/packages/components/src/lib/propsContext/PropsContextProvider.tsx": {"lines":{"total":10,"covered":10,"skipped":0,"pct":100},"functions":{"total":2,"covered":2,"skipped":0,"pct":100},"statements":{"total":11,"covered":11,"skipped":0,"pct":100},"branches":{"total":1,"covered":1,"skipped":0,"pct":100}}
,"/Users/mfullriede/PhpstormProjects/frontend/flow-next/packages/components/src/lib/propsContext/index.ts": {"lines":{"total":4,"covered":4,"skipped":0,"pct":100},"functions":{"total":4,"covered":1,"skipped":0,"pct":25},"statements":{"total":8,"covered":8,"skipped":0,"pct":100},"branches":{"total":0,"covered":0,"skipped":0,"pct":100}}
,"/Users/mfullriede/PhpstormProjects/frontend/flow-next/packages/components/src/lib/propsContext/mergePropsContext.ts": {"lines":{"total":6,"covered":6,"skipped":0,"pct":100},"functions":{"total":2,"covered":2,"skipped":0,"pct":100},"statements":{"total":7,"covered":7,"skipped":0,"pct":100},"branches":{"total":0,"covered":0,"skipped":0,"pct":100}}
,"/Users/mfullriede/PhpstormProjects/frontend/flow-next/packages/components/src/lib/propsContext/propsContext.ts": {"lines":{"total":2,"covered":2,"skipped":0,"pct":100},"functions":{"total":0,"covered":0,"skipped":0,"pct":100},"statements":{"total":2,"covered":2,"skipped":0,"pct":100},"branches":{"total":0,"covered":0,"skipped":0,"pct":100}}
,"/Users/mfullriede/PhpstormProjects/frontend/flow-next/packages/components/src/lib/propsContext/useProps.ts": {"lines":{"total":9,"covered":9,"skipped":0,"pct":100},"functions":{"total":1,"covered":1,"skipped":0,"pct":100},"statements":{"total":10,"covered":10,"skipped":0,"pct":100},"branches":{"total":2,"covered":2,"skipped":0,"pct":100}}
,"/Users/mfullriede/PhpstormProjects/frontend/flow-next/packages/components/src/lib/propsContext/dynamicProps/dynamic.ts": {"lines":{"total":3,"covered":3,"skipped":0,"pct":100},"functions":{"total":1,"covered":1,"skipped":0,"pct":100},"statements":{"total":4,"covered":4,"skipped":0,"pct":100},"branches":{"total":0,"covered":0,"skipped":0,"pct":100}}
,"/Users/mfullriede/PhpstormProjects/frontend/flow-next/packages/components/src/lib/propsContext/dynamicProps/isDynamicProp.ts": {"lines":{"total":3,"covered":3,"skipped":0,"pct":100},"functions":{"total":1,"covered":1,"skipped":0,"pct":100},"statements":{"total":3,"covered":3,"skipped":0,"pct":100},"branches":{"total":3,"covered":3,"skipped":0,"pct":100}}
,"/Users/mfullriede/PhpstormProjects/frontend/flow-next/packages/components/src/lib/propsContext/dynamicProps/resolveDynamicProps.ts": {"lines":{"total":9,"covered":9,"skipped":0,"pct":100},"functions":{"total":1,"covered":1,"skipped":0,"pct":100},"statements":{"total":10,"covered":10,"skipped":0,"pct":100},"branches":{"total":1,"covered":1,"skipped":0,"pct":100}}
}
